# JRE version: OpenJDK Runtime Environment (15.0.2+7) (build 15.0.2+7-27)
# Java VM: OpenJDK 64-Bit Server VM (15.0.2+7-27, mixed mode, tiered, compressed oops, g1 gc, windows-amd64)
GC Precious Log:
 CPUs: 8 total, 8 available
 Memory: 12135M
 Large Page Support: Disabled
 NUMA Support: Disabled
 Compressed Oops: Enabled (Zero based)
 Heap Region Size: 2M
 Heap Min Capacity: 8M
 Heap Initial Capacity: 190M
 Heap Max Capacity: 3034M
 Pre-touch: Disabled
 Parallel Workers: 8
 Concurrent Workers: 2
 Concurrent Refinement Workers: 8
 Periodic GC: Disabled
Heap:
 garbage-first heap   total 34816K, used 11301K [0x0000000742600000, 0x0000000800000000)
  region size 2048K, 4 young (8192K), 1 survivors (2048K)
 Metaspace       used 27397K, capacity 27730K, committed 27904K, reserved 1075200K
  class space    used 2871K, capacity 2980K, committed 3072K, reserved 1048576K
GC Heap History (20 events):
Event: 133.157 GC heap before
{Heap before GC invocations=11 (full 0):
 garbage-first heap   total 34816K, used 23590K [0x0000000742600000, 0x0000000800000000)
  region size 2048K, 10 young (20480K), 1 survivors (2048K)
 Metaspace       used 27189K, capacity 27538K, committed 27648K, reserved 1073152K
  class space    used 2871K, capacity 2980K, committed 3072K, reserved 1048576K
}
Event: 133.158 GC heap after
{Heap after GC invocations=12 (full 0):
 garbage-first heap   total 34816K, used 7252K [0x0000000742600000, 0x0000000800000000)
  region size 2048K, 1 young (2048K), 1 survivors (2048K)
 Metaspace       used 27189K, capacity 27538K, committed 27648K, reserved 1073152K
  class space    used 2871K, capacity 2980K, committed 3072K, reserved 1048576K
}
Event: 136.426 GC heap before
{Heap before GC invocations=12 (full 0):
 garbage-first heap   total 34816K, used 23636K [0x0000000742600000, 0x0000000800000000)
  region size 2048K, 10 young (20480K), 1 survivors (2048K)
 Metaspace       used 27203K, capacity 27538K, committed 27648K, reserved 1073152K
  class space    used 2871K, capacity 2980K, committed 3072K, reserved 1048576K
}
Event: 136.428 GC heap after
{Heap after GC invocations=13 (full 0):
 garbage-first heap   total 34816K, used 7177K [0x0000000742600000, 0x0000000800000000)
  region size 2048K, 1 young (2048K), 1 survivors (2048K)
 Metaspace       used 27203K, capacity 27538K, committed 27648K, reserved 1073152K
  class space    used 2871K, capacity 2980K, committed 3072K, reserved 1048576K
}
Event: 139.157 GC heap before
{Heap before GC invocations=13 (full 0):
 garbage-first heap   total 34816K, used 23561K [0x0000000742600000, 0x0000000800000000)
  region size 2048K, 10 young (20480K), 1 survivors (2048K)
 Metaspace       used 27220K, capacity 27538K, committed 27648K, reserved 1073152K
  class space    used 2871K, capacity 2980K, committed 3072K, reserved 1048576K
}
Event: 139.158 GC heap after
{Heap after GC invocations=14 (full 0):
 garbage-first heap   total 34816K, used 7187K [0x0000000742600000, 0x0000000800000000)
  region size 2048K, 1 young (2048K), 1 survivors (2048K)
 Metaspace       used 27220K, capacity 27538K, committed 27648K, reserved 1073152K
  class space    used 2871K, capacity 2980K, committed 3072K, reserved 1048576K
}
Event: 141.886 GC heap before
{Heap before GC invocations=14 (full 0):
 garbage-first heap   total 34816K, used 25619K [0x0000000742600000, 0x0000000800000000)
  region size 2048K, 10 young (20480K), 1 survivors (2048K)
 Metaspace       used 27245K, capacity 27538K, committed 27648K, reserved 1073152K
  class space    used 2871K, capacity 2980K, committed 3072K, reserved 1048576K
}
Event: 141.888 GC heap after
{Heap after GC invocations=15 (full 0):
 garbage-first heap   total 34816K, used 7246K [0x0000000742600000, 0x0000000800000000)
  region size 2048K, 1 young (2048K), 1 survivors (2048K)
 Metaspace       used 27245K, capacity 27538K, committed 27648K, reserved 1073152K
  class space    used 2871K, capacity 2980K, committed 3072K, reserved 1048576K
}
Event: 145.173 GC heap before
{Heap before GC invocations=15 (full 0):
 garbage-first heap   total 34816K, used 25678K [0x0000000742600000, 0x0000000800000000)
  region size 2048K, 10 young (20480K), 1 survivors (2048K)
 Metaspace       used 27347K, capacity 27666K, committed 27904K, reserved 1075200K
  class space    used 2871K, capacity 2980K, committed 3072K, reserved 1048576K
}
Event: 145.175 GC heap after
{Heap after GC invocations=16 (full 0):
 garbage-first heap   total 34816K, used 7197K [0x0000000742600000, 0x0000000800000000)
  region size 2048K, 1 young (2048K), 1 survivors (2048K)
 Metaspace       used 27347K, capacity 27666K, committed 27904K, reserved 1075200K
  class space    used 2871K, capacity 2980K, committed 3072K, reserved 1048576K
}
Event: 147.900 GC heap before
{Heap before GC invocations=16 (full 0):
 garbage-first heap   total 34816K, used 23581K [0x0000000742600000, 0x0000000800000000)
  region size 2048K, 10 young (20480K), 1 survivors (2048K)
 Metaspace       used 27377K, capacity 27730K, committed 27904K, reserved 1075200K
  class space    used 2871K, capacity 2980K, committed 3072K, reserved 1048576K
}
Event: 147.902 GC heap after
{Heap after GC invocations=17 (full 0):
 garbage-first heap   total 34816K, used 7217K [0x0000000742600000, 0x0000000800000000)
  region size 2048K, 1 young (2048K), 1 survivors (2048K)
 Metaspace       used 27377K, capacity 27730K, committed 27904K, reserved 1075200K
  class space    used 2871K, capacity 2980K, committed 3072K, reserved 1048576K
}
Event: 150.601 GC heap before
{Heap before GC invocations=17 (full 0):
 garbage-first heap   total 34816K, used 25649K [0x0000000742600000, 0x0000000800000000)
  region size 2048K, 10 young (20480K), 1 survivors (2048K)
 Metaspace       used 27380K, capacity 27730K, committed 27904K, reserved 1075200K
  class space    used 2871K, capacity 2980K, committed 3072K, reserved 1048576K
}
Event: 150.603 GC heap after
{Heap after GC invocations=18 (full 0):
 garbage-first heap   total 34816K, used 7221K [0x0000000742600000, 0x0000000800000000)
  region size 2048K, 1 young (2048K), 1 survivors (2048K)
 Metaspace       used 27380K, capacity 27730K, committed 27904K, reserved 1075200K
  class space    used 2871K, capacity 2980K, committed 3072K, reserved 1048576K
}
Event: 153.842 GC heap before
{Heap before GC invocations=18 (full 0):
 garbage-first heap   total 34816K, used 23605K [0x0000000742600000, 0x0000000800000000)
  region size 2048K, 10 young (20480K), 1 survivors (2048K)
 Metaspace       used 27387K, capacity 27730K, committed 27904K, reserved 1075200K
  class space    used 2871K, capacity 2980K, committed 3072K, reserved 1048576K
}
Event: 153.844 GC heap after
{Heap after GC invocations=19 (full 0):
 garbage-first heap   total 34816K, used 7186K [0x0000000742600000, 0x0000000800000000)
  region size 2048K, 1 young (2048K), 1 survivors (2048K)
 Metaspace       used 27387K, capacity 27730K, committed 27904K, reserved 1075200K
  class space    used 2871K, capacity 2980K, committed 3072K, reserved 1048576K
}
Event: 156.568 GC heap before
{Heap before GC invocations=19 (full 0):
 garbage-first heap   total 34816K, used 25618K [0x0000000742600000, 0x0000000800000000)
  region size 2048K, 10 young (20480K), 1 survivors (2048K)
 Metaspace       used 27394K, capacity 27730K, committed 27904K, reserved 1075200K
  class space    used 2871K, capacity 2980K, committed 3072K, reserved 1048576K
}
Event: 156.570 GC heap after
{Heap after GC invocations=20 (full 0):
 garbage-first heap   total 34816K, used 7231K [0x0000000742600000, 0x0000000800000000)
  region size 2048K, 1 young (2048K), 1 survivors (2048K)
 Metaspace       used 27394K, capacity 27730K, committed 27904K, reserved 1075200K
  class space    used 2871K, capacity 2980K, committed 3072K, reserved 1048576K
}
Event: 159.300 GC heap before
{Heap before GC invocations=20 (full 0):
 garbage-first heap   total 34816K, used 23615K [0x0000000742600000, 0x0000000800000000)
  region size 2048K, 9 young (18432K), 1 survivors (2048K)
 Metaspace       used 27397K, capacity 27730K, committed 27904K, reserved 1075200K
  class space    used 2871K, capacity 2980K, committed 3072K, reserved 1048576K
}
Event: 159.301 GC heap after
{Heap after GC invocations=21 (full 0):
 garbage-first heap   total 34816K, used 7205K [0x0000000742600000, 0x0000000800000000)
  region size 2048K, 1 young (2048K), 1 survivors (2048K)
 Metaspace       used 27397K, capacity 27730K, committed 27904K, reserved 1075200K
  class space    used 2871K, capacity 2980K, committed 3072K, reserved 1048576K
}

