# JRE version: OpenJDK Runtime Environment (15.0.2+7) (build 15.0.2+7-27)
# Java VM: OpenJDK 64-Bit Server VM (15.0.2+7-27, mixed mode, tiered, compressed oops, g1 gc, windows-amd64)
GC Precious Log:
 CPUs: 8 total, 8 available
 Memory: 16281M
 Large Page Support: Disabled
 NUMA Support: Disabled
 Compressed Oops: Enabled (Zero based)
 Heap Region Size: 2M
 Heap Min Capacity: 8M
 Heap Initial Capacity: 256M
 Heap Max Capacity: 4072M
 Pre-touch: Disabled
 Parallel Workers: 8
 Concurrent Workers: 2
 Concurrent Refinement Workers: 8
 Periodic GC: Disabled
Heap:
 garbage-first heap   total 40960K, used 26333K [0x0000000701800000, 0x0000000800000000)
  region size 2048K, 7 young (14336K), 1 survivors (2048K)
 Metaspace       used 29956K, capacity 30280K, committed 30592K, reserved 1077248K
  class space    used 3047K, capacity 3166K, committed 3200K, reserved 1048576K
GC Heap History (20 events):
Event: 9111.887 GC heap before
{Heap before GC invocations=495 (full 0):
 garbage-first heap   total 40960K, used 32417K [0x0000000701800000, 0x0000000800000000)
  region size 2048K, 9 young (18432K), 1 survivors (2048K)
 Metaspace       used 29894K, capacity 30216K, committed 30336K, reserved 1077248K
  class space    used 3044K, capacity 3166K, committed 3200K, reserved 1048576K
}
Event: 9111.890 GC heap after
{Heap after GC invocations=496 (full 0):
 garbage-first heap   total 40960K, used 16029K [0x0000000701800000, 0x0000000800000000)
  region size 2048K, 1 young (2048K), 1 survivors (2048K)
 Metaspace       used 29894K, capacity 30216K, committed 30336K, reserved 1077248K
  class space    used 3044K, capacity 3166K, committed 3200K, reserved 1048576K
}
Event: 9167.590 GC heap before
{Heap before GC invocations=496 (full 0):
 garbage-first heap   total 40960K, used 32413K [0x0000000701800000, 0x0000000800000000)
  region size 2048K, 9 young (18432K), 1 survivors (2048K)
 Metaspace       used 29894K, capacity 30216K, committed 30336K, reserved 1077248K
  class space    used 3044K, capacity 3166K, committed 3200K, reserved 1048576K
}
Event: 9167.591 GC heap after
{Heap after GC invocations=497 (full 0):
 garbage-first heap   total 40960K, used 16029K [0x0000000701800000, 0x0000000800000000)
  region size 2048K, 1 young (2048K), 1 survivors (2048K)
 Metaspace       used 29894K, capacity 30216K, committed 30336K, reserved 1077248K
  class space    used 3044K, capacity 3166K, committed 3200K, reserved 1048576K
}
Event: 9223.331 GC heap before
{Heap before GC invocations=497 (full 0):
 garbage-first heap   total 40960K, used 32413K [0x0000000701800000, 0x0000000800000000)
  region size 2048K, 9 young (18432K), 1 survivors (2048K)
 Metaspace       used 29894K, capacity 30216K, committed 30336K, reserved 1077248K
  class space    used 3044K, capacity 3166K, committed 3200K, reserved 1048576K
}
Event: 9223.333 GC heap after
{Heap after GC invocations=498 (full 0):
 garbage-first heap   total 40960K, used 16029K [0x0000000701800000, 0x0000000800000000)
  region size 2048K, 1 young (2048K), 1 survivors (2048K)
 Metaspace       used 29894K, capacity 30216K, committed 30336K, reserved 1077248K
  class space    used 3044K, capacity 3166K, committed 3200K, reserved 1048576K
}
Event: 9279.057 GC heap before
{Heap before GC invocations=498 (full 0):
 garbage-first heap   total 40960K, used 32413K [0x0000000701800000, 0x0000000800000000)
  region size 2048K, 9 young (18432K), 1 survivors (2048K)
 Metaspace       used 29894K, capacity 30216K, committed 30336K, reserved 1077248K
  class space    used 3044K, capacity 3166K, committed 3200K, reserved 1048576K
}
Event: 9279.059 GC heap after
{Heap after GC invocations=499 (full 0):
 garbage-first heap   total 40960K, used 16031K [0x0000000701800000, 0x0000000800000000)
  region size 2048K, 1 young (2048K), 1 survivors (2048K)
 Metaspace       used 29894K, capacity 30216K, committed 30336K, reserved 1077248K
  class space    used 3044K, capacity 3166K, committed 3200K, reserved 1048576K
}
Event: 9334.761 GC heap before
{Heap before GC invocations=499 (full 0):
 garbage-first heap   total 40960K, used 32415K [0x0000000701800000, 0x0000000800000000)
  region size 2048K, 9 young (18432K), 1 survivors (2048K)
 Metaspace       used 29894K, capacity 30216K, committed 30336K, reserved 1077248K
  class space    used 3044K, capacity 3166K, committed 3200K, reserved 1048576K
}
Event: 9334.763 GC heap after
{Heap after GC invocations=500 (full 0):
 garbage-first heap   total 40960K, used 16030K [0x0000000701800000, 0x0000000800000000)
  region size 2048K, 1 young (2048K), 1 survivors (2048K)
 Metaspace       used 29894K, capacity 30216K, committed 30336K, reserved 1077248K
  class space    used 3044K, capacity 3166K, committed 3200K, reserved 1048576K
}
Event: 9391.024 GC heap before
{Heap before GC invocations=500 (full 0):
 garbage-first heap   total 40960K, used 32414K [0x0000000701800000, 0x0000000800000000)
  region size 2048K, 9 young (18432K), 1 survivors (2048K)
 Metaspace       used 29894K, capacity 30216K, committed 30336K, reserved 1077248K
  class space    used 3044K, capacity 3166K, committed 3200K, reserved 1048576K
}
Event: 9391.026 GC heap after
{Heap after GC invocations=501 (full 0):
 garbage-first heap   total 40960K, used 16029K [0x0000000701800000, 0x0000000800000000)
  region size 2048K, 1 young (2048K), 1 survivors (2048K)
 Metaspace       used 29894K, capacity 30216K, committed 30336K, reserved 1077248K
  class space    used 3044K, capacity 3166K, committed 3200K, reserved 1048576K
}
Event: 9446.780 GC heap before
{Heap before GC invocations=501 (full 0):
 garbage-first heap   total 40960K, used 32413K [0x0000000701800000, 0x0000000800000000)
  region size 2048K, 9 young (18432K), 1 survivors (2048K)
 Metaspace       used 29894K, capacity 30216K, committed 30336K, reserved 1077248K
  class space    used 3044K, capacity 3166K, committed 3200K, reserved 1048576K
}
Event: 9446.782 GC heap after
{Heap after GC invocations=502 (full 0):
 garbage-first heap   total 40960K, used 16027K [0x0000000701800000, 0x0000000800000000)
  region size 2048K, 1 young (2048K), 1 survivors (2048K)
 Metaspace       used 29894K, capacity 30216K, committed 30336K, reserved 1077248K
  class space    used 3044K, capacity 3166K, committed 3200K, reserved 1048576K
}
Event: 9502.462 GC heap before
{Heap before GC invocations=502 (full 0):
 garbage-first heap   total 40960K, used 32411K [0x0000000701800000, 0x0000000800000000)
  region size 2048K, 9 young (18432K), 1 survivors (2048K)
 Metaspace       used 29894K, capacity 30216K, committed 30336K, reserved 1077248K
  class space    used 3044K, capacity 3166K, committed 3200K, reserved 1048576K
}
Event: 9502.464 GC heap after
{Heap after GC invocations=503 (full 0):
 garbage-first heap   total 40960K, used 16030K [0x0000000701800000, 0x0000000800000000)
  region size 2048K, 1 young (2048K), 1 survivors (2048K)
 Metaspace       used 29894K, capacity 30216K, committed 30336K, reserved 1077248K
  class space    used 3044K, capacity 3166K, committed 3200K, reserved 1048576K
}
Event: 9558.166 GC heap before
{Heap before GC invocations=503 (full 0):
 garbage-first heap   total 40960K, used 32414K [0x0000000701800000, 0x0000000800000000)
  region size 2048K, 9 young (18432K), 1 survivors (2048K)
 Metaspace       used 29894K, capacity 30216K, committed 30336K, reserved 1077248K
  class space    used 3044K, capacity 3166K, committed 3200K, reserved 1048576K
}
Event: 9558.168 GC heap after
{Heap after GC invocations=504 (full 0):
 garbage-first heap   total 40960K, used 16033K [0x0000000701800000, 0x0000000800000000)
  region size 2048K, 1 young (2048K), 1 survivors (2048K)
 Metaspace       used 29894K, capacity 30216K, committed 30336K, reserved 1077248K
  class space    used 3044K, capacity 3166K, committed 3200K, reserved 1048576K
}
Event: 9611.872 GC heap before
{Heap before GC invocations=504 (full 0):
 garbage-first heap   total 40960K, used 32417K [0x0000000701800000, 0x0000000800000000)
  region size 2048K, 9 young (18432K), 1 survivors (2048K)
 Metaspace       used 29896K, capacity 30216K, committed 30336K, reserved 1077248K
  class space    used 3044K, capacity 3166K, committed 3200K, reserved 1048576K
}
Event: 9611.874 GC heap after
{Heap after GC invocations=505 (full 0):
 garbage-first heap   total 40960K, used 16093K [0x0000000701800000, 0x0000000800000000)
  region size 2048K, 1 young (2048K), 1 survivors (2048K)
 Metaspace       used 29896K, capacity 30216K, committed 30336K, reserved 1077248K
  class space    used 3044K, capacity 3166K, committed 3200K, reserved 1048576K
}

