# JRE version: OpenJDK Runtime Environment (15.0.2+7) (build 15.0.2+7-27)
# Java VM: OpenJDK 64-Bit Server VM (15.0.2+7-27, mixed mode, tiered, compressed oops, g1 gc, windows-amd64)
GC Precious Log:
 CPUs: 8 total, 8 available
 Memory: 16281M
 Large Page Support: Disabled
 NUMA Support: Disabled
 Compressed Oops: Enabled (Zero based)
 Heap Region Size: 2M
 Heap Min Capacity: 8M
 Heap Initial Capacity: 256M
 Heap Max Capacity: 4072M
 Pre-touch: Disabled
 Parallel Workers: 8
 Concurrent Workers: 2
 Concurrent Refinement Workers: 8
 Periodic GC: Disabled
Heap:
 garbage-first heap   total 38912K, used 15899K [0x0000000701800000, 0x0000000800000000)
  region size 2048K, 2 young (4096K), 1 survivors (2048K)
 Metaspace       used 27572K, capacity 27763K, committed 27904K, reserved 1075200K
  class space    used 2724K, capacity 2777K, committed 2816K, reserved 1048576K
GC Heap History (20 events):
Event: 5829.509 GC heap before
{Heap before GC invocations=672 (full 0):
 garbage-first heap   total 38912K, used 27216K [0x0000000701800000, 0x0000000800000000)
  region size 2048K, 8 young (16384K), 1 survivors (2048K)
 Metaspace       used 26964K, capacity 27187K, committed 27392K, reserved 1073152K
  class space    used 2688K, capacity 2777K, committed 2816K, reserved 1048576K
}
Event: 5829.510 GC heap after
{Heap after GC invocations=673 (full 0):
 garbage-first heap   total 38912K, used 14903K [0x0000000701800000, 0x0000000800000000)
  region size 2048K, 1 young (2048K), 1 survivors (2048K)
 Metaspace       used 26964K, capacity 27187K, committed 27392K, reserved 1073152K
  class space    used 2688K, capacity 2777K, committed 2816K, reserved 1048576K
}
Event: 5837.415 GC heap before
{Heap before GC invocations=673 (full 0):
 garbage-first heap   total 38912K, used 27191K [0x0000000701800000, 0x0000000800000000)
  region size 2048K, 8 young (16384K), 1 survivors (2048K)
 Metaspace       used 26964K, capacity 27187K, committed 27392K, reserved 1073152K
  class space    used 2688K, capacity 2777K, committed 2816K, reserved 1048576K
}
Event: 5837.416 GC heap after
{Heap after GC invocations=674 (full 0):
 garbage-first heap   total 38912K, used 14990K [0x0000000701800000, 0x0000000800000000)
  region size 2048K, 1 young (2048K), 1 survivors (2048K)
 Metaspace       used 26964K, capacity 27187K, committed 27392K, reserved 1073152K
  class space    used 2688K, capacity 2777K, committed 2816K, reserved 1048576K
}
Event: 5846.190 GC heap before
{Heap before GC invocations=674 (full 0):
 garbage-first heap   total 38912K, used 27278K [0x0000000701800000, 0x0000000800000000)
  region size 2048K, 8 young (16384K), 1 survivors (2048K)
 Metaspace       used 26964K, capacity 27187K, committed 27392K, reserved 1073152K
  class space    used 2688K, capacity 2777K, committed 2816K, reserved 1048576K
}
Event: 5846.191 GC heap after
{Heap after GC invocations=675 (full 0):
 garbage-first heap   total 38912K, used 14973K [0x0000000701800000, 0x0000000800000000)
  region size 2048K, 1 young (2048K), 1 survivors (2048K)
 Metaspace       used 26964K, capacity 27187K, committed 27392K, reserved 1073152K
  class space    used 2688K, capacity 2777K, committed 2816K, reserved 1048576K
}
Event: 5854.005 GC heap before
{Heap before GC invocations=675 (full 0):
 garbage-first heap   total 38912K, used 29309K [0x0000000701800000, 0x0000000800000000)
  region size 2048K, 8 young (16384K), 1 survivors (2048K)
 Metaspace       used 26964K, capacity 27187K, committed 27392K, reserved 1073152K
  class space    used 2688K, capacity 2777K, committed 2816K, reserved 1048576K
}
Event: 5854.006 GC heap after
{Heap after GC invocations=676 (full 0):
 garbage-first heap   total 38912K, used 14969K [0x0000000701800000, 0x0000000800000000)
  region size 2048K, 1 young (2048K), 1 survivors (2048K)
 Metaspace       used 26964K, capacity 27187K, committed 27392K, reserved 1073152K
  class space    used 2688K, capacity 2777K, committed 2816K, reserved 1048576K
}
Event: 6779.347 GC heap before
{Heap before GC invocations=676 (full 0):
 garbage-first heap   total 38912K, used 29305K [0x0000000701800000, 0x0000000800000000)
  region size 2048K, 8 young (16384K), 1 survivors (2048K)
 Metaspace       used 26996K, capacity 27251K, committed 27392K, reserved 1073152K
  class space    used 2688K, capacity 2777K, committed 2816K, reserved 1048576K
}
Event: 6779.351 GC heap after
{Heap after GC invocations=677 (full 0):
 garbage-first heap   total 38912K, used 15001K [0x0000000701800000, 0x0000000800000000)
  region size 2048K, 1 young (2048K), 1 survivors (2048K)
 Metaspace       used 26996K, capacity 27251K, committed 27392K, reserved 1073152K
  class space    used 2688K, capacity 2777K, committed 2816K, reserved 1048576K
}
Event: 6798.591 GC heap before
{Heap before GC invocations=677 (full 0):
 garbage-first heap   total 38912K, used 27289K [0x0000000701800000, 0x0000000800000000)
  region size 2048K, 8 young (16384K), 1 survivors (2048K)
 Metaspace       used 27004K, capacity 27251K, committed 27392K, reserved 1073152K
  class space    used 2689K, capacity 2777K, committed 2816K, reserved 1048576K
}
Event: 6798.600 GC heap after
{Heap after GC invocations=678 (full 0):
 garbage-first heap   total 38912K, used 15186K [0x0000000701800000, 0x0000000800000000)
  region size 2048K, 1 young (2048K), 1 survivors (2048K)
 Metaspace       used 27004K, capacity 27251K, committed 27392K, reserved 1073152K
  class space    used 2689K, capacity 2777K, committed 2816K, reserved 1048576K
}
Event: 7508.058 GC heap before
{Heap before GC invocations=678 (full 0):
 garbage-first heap   total 38912K, used 27474K [0x0000000701800000, 0x0000000800000000)
  region size 2048K, 8 young (16384K), 1 survivors (2048K)
 Metaspace       used 27042K, capacity 27251K, committed 27392K, reserved 1073152K
  class space    used 2690K, capacity 2777K, committed 2816K, reserved 1048576K
}
Event: 7508.062 GC heap after
{Heap after GC invocations=679 (full 0):
 garbage-first heap   total 38912K, used 15310K [0x0000000701800000, 0x0000000800000000)
  region size 2048K, 1 young (2048K), 1 survivors (2048K)
 Metaspace       used 27042K, capacity 27251K, committed 27392K, reserved 1073152K
  class space    used 2690K, capacity 2777K, committed 2816K, reserved 1048576K
}
Event: 7628.830 GC heap before
{Heap before GC invocations=679 (full 0):
 garbage-first heap   total 38912K, used 29646K [0x0000000701800000, 0x0000000800000000)
  region size 2048K, 8 young (16384K), 1 survivors (2048K)
 Metaspace       used 27118K, capacity 27315K, committed 27648K, reserved 1075200K
  class space    used 2690K, capacity 2777K, committed 2816K, reserved 1048576K
}
Event: 7628.832 GC heap after
{Heap after GC invocations=680 (full 0):
 garbage-first heap   total 38912K, used 15472K [0x0000000701800000, 0x0000000800000000)
  region size 2048K, 1 young (2048K), 1 survivors (2048K)
 Metaspace       used 27118K, capacity 27315K, committed 27648K, reserved 1075200K
  class space    used 2690K, capacity 2777K, committed 2816K, reserved 1048576K
}
Event: 7770.261 GC heap before
{Heap before GC invocations=680 (full 0):
 garbage-first heap   total 38912K, used 29808K [0x0000000701800000, 0x0000000800000000)
  region size 2048K, 8 young (16384K), 1 survivors (2048K)
 Metaspace       used 27297K, capacity 27507K, committed 27648K, reserved 1075200K
  class space    used 2701K, capacity 2777K, committed 2816K, reserved 1048576K
}
Event: 7770.264 GC heap after
{Heap after GC invocations=681 (full 0):
 garbage-first heap   total 38912K, used 15743K [0x0000000701800000, 0x0000000800000000)
  region size 2048K, 1 young (2048K), 1 survivors (2048K)
 Metaspace       used 27297K, capacity 27507K, committed 27648K, reserved 1075200K
  class space    used 2701K, capacity 2777K, committed 2816K, reserved 1048576K
}
Event: 7770.316 GC heap before
{Heap before GC invocations=681 (full 0):
 garbage-first heap   total 38912K, used 30079K [0x0000000701800000, 0x0000000800000000)
  region size 2048K, 8 young (16384K), 1 survivors (2048K)
 Metaspace       used 27449K, capacity 27635K, committed 27904K, reserved 1075200K
  class space    used 2718K, capacity 2777K, committed 2816K, reserved 1048576K
}
Event: 7770.318 GC heap after
{Heap after GC invocations=682 (full 0):
 garbage-first heap   total 38912K, used 15887K [0x0000000701800000, 0x0000000800000000)
  region size 2048K, 1 young (2048K), 1 survivors (2048K)
 Metaspace       used 27449K, capacity 27635K, committed 27904K, reserved 1075200K
  class space    used 2718K, capacity 2777K, committed 2816K, reserved 1048576K
}

