<?xml version="1.0" encoding="UTF-8"?>
<!-- Generated by org.testng.reporters.JUnitXMLReporter -->
<testsuite ignored="5" hostname="WIN-39319556043" failures="0" tests="1" name="Default test" time="84.7" errors="0" timestamp="2022-07-15T15:09:24 CST">
  <testcase classname="com.rs.test.routingRules.ChangeSet" name="createRoutingRulesChangeSet" time="64.328"/>
  <testcase classname="com.rs.test.routingRules.ChangeSet" name="editChangeSet" time="0.0">
    <ignored/>
  </testcase> <!-- editChangeSet -->
  <testcase classname="com.rs.test.routingRules.ChangeSet" name="editRoutingRulesChangeSet" time="0.0">
    <ignored/>
  </testcase> <!-- editRoutingRulesChangeSet -->
  <testcase classname="com.rs.test.routingRules.ChangeSet" name="deleteRoutingRulesChangeSet" time="0.0">
    <ignored/>
  </testcase> <!-- deleteRoutingRulesChangeSet -->
  <testcase classname="com.rs.test.routingRules.ChangeSet" name="deleteChangeSet" time="0.0">
    <ignored/>
  </testcase> <!-- deleteChangeSet -->
  <testcase classname="com.rs.test.routingRules.ChangeSet" name="createChangeSet" time="0.0">
    <ignored/>
  </testcase> <!-- createChangeSet -->
</testsuite> <!-- Default test -->
