<?xml version="1.0" encoding="UTF-8"?>
<!-- Generated by org.testng.reporters.JUnitXMLReporter -->
<testsuite ignored="0" hostname="DESKTOP-C57COV6" failures="0" tests="1" name="Cadastros IRPJ/CSLL &gt; Cadastro Contas Contábeis" time="173.738" errors="0" timestamp="26 nov. 2021 01:08:12 GMT">
  <testcase classname="com.timp.test.MDR.CadastrosIRPJCSLL.CadastroContaisContabeis.CadastroContaisContabeisFiltroID" name="filtro" time="141.175"/>
</testsuite> <!-- Cadastros IRPJ/CSLL > Cadastro Contas Contábeis -->
