<?xml version="1.0" encoding="UTF-8"?>
<!-- Generated by org.testng.reporters.JUnitXMLReporter -->
<testsuite ignored="0" hostname="WIN-39319556043" failures="1" tests="18" name="Carrier Service" time="412.159" errors="0" timestamp="2022-07-26T16:03:16 CST">
  <testcase classname="com.rs.test.configuration.carrierService.CarrierService" name="filters" time="29.533"/>
  <testcase classname="com.rs.test.configuration.carrierService.CarrierService" name="createCarrierService" time="21.058"/>
  <testcase classname="com.rs.test.configuration.carrierService.CarrierService" name="editCarrierService" time="24.361"/>
  <testcase classname="com.rs.test.configuration.carrierService.CarrierService" name="createRoutePoint" time="22.529"/>
  <testcase classname="com.rs.test.configuration.carrierService.CarrierService" name="editRoutePoint" time="29.851"/>
  <testcase classname="com.rs.test.configuration.carrierService.CarrierService" name="deleteRoutePoint" time="22.07"/>
  <testcase classname="com.rs.test.configuration.carrierService.CarrierService" name="createLogAgent" time="24.863"/>
  <testcase classname="com.rs.test.configuration.carrierService.CarrierService" name="deleteLogAgent" time="22.895"/>
  <testcase classname="com.rs.test.configuration.carrierService.CarrierService" name="createMOChar" time="28.398"/>
  <testcase classname="com.rs.test.configuration.carrierService.CarrierService" name="editMOChar" time="24.838"/>
  <testcase classname="com.rs.test.configuration.carrierService.CarrierService" name="deleteMOChar" time="24.048"/>
  <testcase classname="com.rs.test.configuration.carrierService.CarrierService" name="createMTChar" time="27.303"/>
  <testcase classname="com.rs.test.configuration.carrierService.CarrierService" name="editMTChar" time="27.47"/>
  <testcase classname="com.rs.test.configuration.carrierService.CarrierService" name="deleteMTChar" time="21.669"/>
  <testcase classname="com.rs.test.configuration.carrierService.CarrierService" name="createMSGProps" time="32.23">
    <failure type="java.lang.AssertionError" message="The record was not created successfully expected [true] but found [false]">
      <![CDATA[java.lang.AssertionError: The record was not created successfully expected [true] but found [false]
at com.rs.test.pageObjectModel.configuration.carrierService.CarrierServicePO.createMSGProps(CarrierServicePO.java:1675)
at com.rs.test.configuration.carrierService.CarrierService.createMSGProps(CarrierService.java:144)
at java.base/java.util.ArrayList.forEach(ArrayList.java:1511)
... Removed 30 stack frames]]>
    </failure>
  </testcase> <!-- createMSGProps -->
  <testcase classname="com.rs.test.configuration.carrierService.CarrierService" name="editMSGProps" time="0.0">
    <skipped/>
  </testcase> <!-- editMSGProps -->
  <testcase classname="com.rs.test.configuration.carrierService.CarrierService" name="deleteMSGProps" time="0.0">
    <skipped/>
  </testcase> <!-- deleteMSGProps -->
  <testcase classname="com.rs.test.configuration.carrierService.CarrierService" name="deleteCarrierService" time="17.379"/>
</testsuite> <!-- Carrier Service -->
