<?xml version="1.0" encoding="UTF-8"?>
<!-- Generated by org.testng.reporters.JUnitXMLReporter -->
<testsuite ignored="0" hostname="MassielV" failures="0" tests="5" name="CEP &gt; Logradouro" time="532.995" errors="0" timestamp="26 nov. 2021 07:04:58 GMT">
  <testcase classname="com.timp.test.MDR.CEP.Logradouro.LogradouroCriar" name="criar" time="87.625"/>
  <testcase classname="com.timp.test.MDR.CEP.Logradouro.LogradouroEditar" name="editar" time="109.293"/>
  <testcase classname="com.timp.test.MDR.CEP.Logradouro.LogradouroVisualizar" name="visualizar" time="90.837"/>
  <testcase classname="com.timp.test.MDR.CEP.Logradouro.LogradouroExcluir" name="excluir" time="122.975"/>
  <testcase classname="com.timp.test.MDR.CEP.Logradouro.LogradouroFiltros" name="filtros" time="52.494"/>
</testsuite> <!-- CEP > Logradouro -->
