<?xml version="1.0" encoding="UTF-8"?>
<!-- Generated by org.testng.reporters.JUnitXMLReporter -->
<testsuite ignored="0" hostname="WIN-39319556043" failures="0" tests="6" name="Character Encoding" time="136.219" errors="0" timestamp="2022-07-04T12:37:08 CST">
  <testcase classname="com.rs.test.configuration.characterEncoding.CharacterEncoding" name="createCharacterEncoding" time="14.552"/>
  <testcase classname="com.rs.test.configuration.characterEncoding.CharacterEncoding" name="editCharacterEncoding" time="23.239"/>
  <testcase classname="com.rs.test.configuration.characterEncoding.CharacterEncoding" name="deleteCharacterEncoding" time="11.344"/>
  <testcase classname="com.rs.test.configuration.characterEncoding.CharacterEncoding" name="createCustomEncodeCodePoint" time="19.419"/>
  <testcase classname="com.rs.test.configuration.characterEncoding.CharacterEncoding" name="editCustomEncodeCodePoint" time="25.403"/>
  <testcase classname="com.rs.test.configuration.characterEncoding.CharacterEncoding" name="deleteCustomEncodeCodePoint" time="23.833"/>
</testsuite> <!-- Character Encoding -->
