<?xml version="1.0" encoding="UTF-8"?>
<!-- Generated by org.testng.reporters.JUnitXMLReporter -->
<testsuite ignored="0" hostname="WIN-39319556043" failures="0" tests="3" name="Cluster Admin" time="94.206" errors="0" timestamp="2022-07-12T15:43:50 CST">
  <testcase classname="com.rs.test.clusterConfiguration.clusterAdmin.ClusterAdmin" name="createQueueMonitor" time="22.687"/>
  <testcase classname="com.rs.test.clusterConfiguration.clusterAdmin.ClusterAdmin" name="editQueueMonitor" time="27.94"/>
  <testcase classname="com.rs.test.clusterConfiguration.clusterAdmin.ClusterAdmin" name="deleteQueueMonitor" time="22.05"/>
</testsuite> <!-- Cluster Admin -->
