<?xml version="1.0" encoding="UTF-8"?>
<!-- Generated by org.testng.reporters.JUnitXMLReporter -->
<testsuite ignored="0" hostname="WIN-39319556043" failures="0" tests="3" name="Cluster Classification" time="38.471" errors="0" timestamp="2022-03-23T15:38:37 CST">
  <testcase classname="com.rs.test.clusterConfiguration.clusterClassification.ClusterClassification" name="createClusterClassification" time="11.181"/>
  <testcase classname="com.rs.test.clusterConfiguration.clusterClassification.ClusterClassification" name="editClusterClassification" time="12.297"/>
  <testcase classname="com.rs.test.clusterConfiguration.clusterClassification.ClusterClassification" name="deleteClusterClassification" time="6.051"/>
</testsuite> <!-- Cluster Classification -->
