<?xml version="1.0" encoding="UTF-8"?>
<!-- Generated by org.testng.reporters.JUnitXMLReporter -->
<testsuite ignored="0" hostname="WIN-39319556043" failures="1" tests="9" name="Message Aggregators" time="188.571" errors="0" timestamp="2022-07-04T12:31:27 CST">
  <testcase classname="com.rs.test.configuration.messageAggregators.MessageAggregators" name="filters" time="13.907"/>
  <testcase classname="com.rs.test.configuration.messageAggregators.MessageAggregators" name="createMessageAggregator" time="18.711"/>
  <testcase classname="com.rs.test.configuration.messageAggregators.MessageAggregators" name="editMessageAggregator" time="23.596">
    <failure type="java.lang.AssertionError" message="The record wasn&amp;apos;t edited successfully expected [true] but found [false]">
      <![CDATA[java.lang.AssertionError: The record wasn't edited successfully expected [true] but found [false]
at com.rs.test.pageObjectModel.configuration.messageAggregators.MessageAggregatorsPO.editMessageAggregator(MessageAggregatorsPO.java:399)
at com.rs.test.configuration.messageAggregators.MessageAggregators.editMessageAggregator(MessageAggregators.java:47)
at java.base/java.util.ArrayList.forEach(ArrayList.java:1511)
... Removed 30 stack frames]]>
    </failure>
  </testcase> <!-- editMessageAggregator -->
  <testcase classname="com.rs.test.configuration.messageAggregators.MessageAggregators" name="createRoutePoints" time="23.312"/>
  <testcase classname="com.rs.test.configuration.messageAggregators.MessageAggregators" name="editRoutePoints" time="22.873"/>
  <testcase classname="com.rs.test.configuration.messageAggregators.MessageAggregators" name="deleteRoutePoints" time="12.948"/>
  <testcase classname="com.rs.test.configuration.messageAggregators.MessageAggregators" name="createPeerBlock" time="20.837"/>
  <testcase classname="com.rs.test.configuration.messageAggregators.MessageAggregators" name="editPeerBlock" time="13.15"/>
  <testcase classname="com.rs.test.configuration.messageAggregators.MessageAggregators" name="deleteMessageAggregator" time="19.358"/>
</testsuite> <!-- Message Aggregators -->
