<?xml version="1.0" encoding="UTF-8"?>
<!-- Generated by org.testng.reporters.JUnitXMLReporter -->
<testsuite ignored="0" hostname="WIN-39319556043" failures="1" tests="9" name="Message Aggregators" time="192.61" errors="0" timestamp="2022-07-08T13:34:49 CST">
  <testcase classname="com.rs.test.configuration.messageAggregators.MessageAggregators" name="filters" time="15.003"/>
  <testcase classname="com.rs.test.configuration.messageAggregators.MessageAggregators" name="createMessageAggregator" time="19.292"/>
  <testcase classname="com.rs.test.configuration.messageAggregators.MessageAggregators" name="editMessageAggregator" time="23.832">
    <failure type="java.lang.AssertionError" message="The record wasn&amp;apos;t edited successfully expected [true] but found [false]">
      <![CDATA[java.lang.AssertionError: The record wasn't edited successfully expected [true] but found [false]
at com.rs.test.pageObjectModel.configuration.messageAggregators.MessageAggregatorsPO.editMessageAggregator(MessageAggregatorsPO.java:399)
at com.rs.test.configuration.messageAggregators.MessageAggregators.editMessageAggregator(MessageAggregators.java:47)
at java.base/java.util.ArrayList.forEach(ArrayList.java:1511)
... Removed 30 stack frames]]>
    </failure>
  </testcase> <!-- editMessageAggregator -->
  <testcase classname="com.rs.test.configuration.messageAggregators.MessageAggregators" name="createRoutePoints" time="23.602"/>
  <testcase classname="com.rs.test.configuration.messageAggregators.MessageAggregators" name="editRoutePoints" time="21.817"/>
  <testcase classname="com.rs.test.configuration.messageAggregators.MessageAggregators" name="deleteRoutePoints" time="11.642"/>
  <testcase classname="com.rs.test.configuration.messageAggregators.MessageAggregators" name="createPeerBlock" time="21.141"/>
  <testcase classname="com.rs.test.configuration.messageAggregators.MessageAggregators" name="editPeerBlock" time="12.592"/>
  <testcase classname="com.rs.test.configuration.messageAggregators.MessageAggregators" name="deleteMessageAggregator" time="19.207"/>
</testsuite> <!-- Message Aggregators -->
