<?xml version="1.0" encoding="UTF-8"?>
<!-- Generated by org.testng.reporters.JUnitXMLReporter -->
<testsuite ignored="0" hostname="WIN-39319556043" failures="2" tests="9" name="Message Aggregators" time="121.568" errors="0" timestamp="2022-05-04T15:29:25 CST">
  <testcase classname="com.rs.test.configuration.messageAggregators.MessageAggregators" name="filters" time="12.677"/>
  <testcase classname="com.rs.test.configuration.messageAggregators.MessageAggregators" name="createMessageAggregator" time="18.563"/>
  <testcase classname="com.rs.test.configuration.messageAggregators.MessageAggregators" name="editMessageAggregator" time="17.047">
    <failure type="java.lang.AssertionError" message="The record wasn&amp;apos;t edited successfully expected [true] but found [false]">
      <![CDATA[java.lang.AssertionError: The record wasn't edited successfully expected [true] but found [false]
at com.rs.test.pageObjectModel.configuration.messageAggregators.MessageAggregatorsPO.editMessageAggregator(MessageAggregatorsPO.java:387)
at com.rs.test.configuration.messageAggregators.MessageAggregators.editMessageAggregator(MessageAggregators.java:48)
at java.base/java.util.ArrayList.forEach(ArrayList.java:1511)
... Removed 30 stack frames]]>
    </failure>
  </testcase> <!-- editMessageAggregator -->
  <testcase classname="com.rs.test.configuration.messageAggregators.MessageAggregators" name="createRoutePoints" time="12.493"/>
  <testcase classname="com.rs.test.configuration.messageAggregators.MessageAggregators" name="editRoutePoints" time="13.228"/>
  <testcase classname="com.rs.test.configuration.messageAggregators.MessageAggregators" name="deleteRoutePoints" time="4.95"/>
  <testcase classname="com.rs.test.configuration.messageAggregators.MessageAggregators" name="createPeerBlock" time="15.633"/>
  <testcase classname="com.rs.test.configuration.messageAggregators.MessageAggregators" name="editPeerBlock" time="7.01">
    <failure type="java.lang.AssertionError" message="The record wasn&amp;apos;t edited successfully expected [true] but found [false]">
      <![CDATA[java.lang.AssertionError: The record wasn't edited successfully expected [true] but found [false]
at com.rs.test.pageObjectModel.configuration.messageAggregators.MessageAggregatorsPO.editPeerBlock(MessageAggregatorsPO.java:694)
at com.rs.test.configuration.messageAggregators.MessageAggregators.editPeerBlock(MessageAggregators.java:92)
at java.base/java.util.ArrayList.forEach(ArrayList.java:1511)
... Removed 30 stack frames]]>
    </failure>
  </testcase> <!-- editPeerBlock -->
  <testcase classname="com.rs.test.configuration.messageAggregators.MessageAggregators" name="deleteMessageAggregator" time="11.093"/>
</testsuite> <!-- Message Aggregators -->
