<?xml version="1.0" encoding="UTF-8"?>
<!-- Generated by org.testng.reporters.JUnitXMLReporter -->
<testsuite ignored="0" hostname="WIN-39319556043" failures="3" tests="8" name="Message Aggregators" time="85.827" errors="0" timestamp="2022-03-23T15:35:30 CST">
  <testcase classname="com.rs.test.configuration.messageAggregators.MessageAggregators" name="createMessageAggregator" time="13.181"/>
  <testcase classname="com.rs.test.configuration.messageAggregators.MessageAggregators" name="editMessageAggregator" time="13.226">
    <failure type="java.lang.AssertionError" message="The record wasn&amp;apos;t edited sucessfully expected [true] but found [false]">
      <![CDATA[java.lang.AssertionError: The record wasn't edited sucessfully expected [true] but found [false]
at com.rs.test.pageObjectModel.configuration.messageAggregators.MessageAggregatorsPO.editMessageAggregator(MessageAggregatorsPO.java:375)
at com.rs.test.configuration.messageAggregators.MessageAggregators.editMessageAggregator(MessageAggregators.java:40)
at java.base/java.util.ArrayList.forEach(ArrayList.java:1511)
... Removed 30 stack frames]]>
    </failure>
  </testcase> <!-- editMessageAggregator -->
  <testcase classname="com.rs.test.configuration.messageAggregators.MessageAggregators" name="createRoutePoints" time="12.686"/>
  <testcase classname="com.rs.test.configuration.messageAggregators.MessageAggregators" name="editRoutePoints" time="8.852">
    <failure type="java.lang.AssertionError" message="The record wasn&amp;apos;t edited sucessfully expected [true] but found [false]">
      <![CDATA[java.lang.AssertionError: The record wasn't edited sucessfully expected [true] but found [false]
at com.rs.test.pageObjectModel.configuration.messageAggregators.MessageAggregatorsPO.editRTPoints(MessageAggregatorsPO.java:536)
at com.rs.test.configuration.messageAggregators.MessageAggregators.editRoutePoints(MessageAggregators.java:56)
at java.base/java.util.ArrayList.forEach(ArrayList.java:1511)
... Removed 30 stack frames]]>
    </failure>
  </testcase> <!-- editRoutePoints -->
  <testcase classname="com.rs.test.configuration.messageAggregators.MessageAggregators" name="deleteRoutePoints" time="4.892"/>
  <testcase classname="com.rs.test.configuration.messageAggregators.MessageAggregators" name="createPeerBlock" time="10.895"/>
  <testcase classname="com.rs.test.configuration.messageAggregators.MessageAggregators" name="editPeerBlock" time="6.875">
    <failure type="java.lang.AssertionError" message="The record wasn&amp;apos;t edited sucessfully expected [true] but found [false]">
      <![CDATA[java.lang.AssertionError: The record wasn't edited sucessfully expected [true] but found [false]
at com.rs.test.pageObjectModel.configuration.messageAggregators.MessageAggregatorsPO.editPeerBlock(MessageAggregatorsPO.java:680)
at com.rs.test.configuration.messageAggregators.MessageAggregators.editPeerBlock(MessageAggregators.java:84)
at java.base/java.util.ArrayList.forEach(ArrayList.java:1511)
... Removed 30 stack frames]]>
    </failure>
  </testcase> <!-- editPeerBlock -->
  <testcase classname="com.rs.test.configuration.messageAggregators.MessageAggregators" name="deleteMessageAggregator" time="6.214"/>
</testsuite> <!-- Message Aggregators -->
