<?xml version="1.0" encoding="UTF-8"?>
<!-- Generated by org.testng.reporters.JUnitXMLReporter -->
<testsuite ignored="0" hostname="DESKTOP-C57COV6" failures="0" tests="7" name="Preco De Transferencia &gt; Valores Para Metodo &gt;Valores Para Metodo PCI" time="1041.303" errors="0" timestamp="30 nov. 2021 07:19:42 GMT">
  <testcase classname="com.timp.test.MDR.PrecoDeTransferencia.ValoresParaMetodo.ValoresParaMetodoPCI.ValoresParaMetodoPCICriar" name="criar" time="168.728"/>
  <testcase classname="com.timp.test.MDR.PrecoDeTransferencia.ValoresParaMetodo.ValoresParaMetodoPCI.ValoresParaMetodoPCIEditar" name="editar" time="241.455"/>
  <testcase classname="com.timp.test.MDR.PrecoDeTransferencia.ValoresParaMetodo.ValoresParaMetodoPCI.ValoresParaMetodoPCIDetalhes" name="Detalhes" time="98.476"/>
  <testcase classname="com.timp.test.MDR.PrecoDeTransferencia.ValoresParaMetodo.ValoresParaMetodoPCI.ValoresParaMetodoPCIExcluir" name="excluir" time="113.94"/>
  <testcase classname="com.timp.test.MDR.PrecoDeTransferencia.ValoresParaMetodo.ValoresParaMetodoPCI.ValoresParaMetodoPCIFiltroID" name="filtro" time="79.36"/>
  <testcase classname="com.timp.test.MDR.PrecoDeTransferencia.ValoresParaMetodo.ValoresParaMetodoPCI.ValoresParaMetodoPCIExcluirEmMassa" name="criar" time="157.091"/>
  <testcase classname="com.timp.test.MDR.PrecoDeTransferencia.ValoresParaMetodo.ValoresParaMetodoPCI.ValoresParaMetodoPCIExcluirEmMassa" name="excluirEmMassa" time="36.963"/>
</testsuite> <!-- Preco De Transferencia > Valores Para Metodo >Valores Para Metodo PCI -->
