<?xml version="1.0" encoding="UTF-8"?>
<!-- Generated by org.testng.reporters.JUnitXMLReporter -->
<testsuite ignored="0" hostname="DESKTOP-M23FVFN" failures="1" tests="7" name="Tabelas de Apoio E-SOCIAL &gt; Tabela 17 - Descrição de Nat. de Lesão" time="4996.081" errors="0" timestamp="01 dic. 2021 05:06:24 GMT">
  <testcase classname="com.timp.test.MDR.TabelasApoioESocial.Tabela17.DescriçãoDeNatDeLesãoCriar" name="criar" time="281.934"/>
  <testcase classname="com.timp.test.MDR.TabelasApoioESocial.Tabela17.DescriçãoDeNatDeLesãoEditar" name="editar" time="281.17">
    <failure type="java.lang.AssertionError" message="O valor do campo não foi editado expected [true] but found [false]">
      <![CDATA[java.lang.AssertionError: O valor do campo não foi editado expected [true] but found [false]
at com.timp.test.MDR.TabelasApoioESocial.Tabela17.DescriçãoDeNatDeLesãoEditar.editar(DescriçãoDeNatDeLesãoEditar.java:43)
... Removed 28 stack frames]]>
    </failure>
  </testcase> <!-- editar -->
  <testcase classname="com.timp.test.MDR.TabelasApoioESocial.Tabela17.DescriçãoDeNatDeLesãoVisualizar" name="visualizar" time="3005.022"/>
  <testcase classname="com.timp.test.MDR.TabelasApoioESocial.Tabela17.DescriçãoDeNatDeLesãoDetalle" name="detalle" time="333.131"/>
  <testcase classname="com.timp.test.MDR.TabelasApoioESocial.Tabela17.DescriçãoDeNatDeLesãoExcluir" name="excluir" time="283.131"/>
  <testcase classname="com.timp.test.MDR.TabelasApoioESocial.Tabela17.DescricaoDeNatDeLesãoExcluirEmMassa" name="criar" time="239.139"/>
  <testcase classname="com.timp.test.MDR.TabelasApoioESocial.Tabela17.DescricaoDeNatDeLesãoExcluirEmMassa" name="excluir" time="43.3"/>
</testsuite> <!-- Tabelas de Apoio E-SOCIAL > Tabela 17 - Descrição de Nat. de Lesão -->
