<?xml version="1.0" encoding="UTF-8"?>
<testng-results ignored="0" total="6" passed="5" failed="1" skipped="0">
  <reporter-output>
  </reporter-output>
  <suite started-at="2022-03-02T16:05:30 CST" name="Default suite" finished-at="2022-03-02T16:07:35 CST" duration-ms="125613">
    <groups>
    </groups>
    <test started-at="2022-03-02T16:05:30 CST" name="Default test" finished-at="2022-03-02T16:07:35 CST" duration-ms="125613">
      <class name="com.rs.test.countryCodes.CountryCodes">
        <test-method is-config="true" signature="beforeTest()[pri:0, instance:com.rs.test.countryCodes.CountryCodes@3cebbb30]" started-at="2022-03-02T16:05:30 CST" name="beforeTest" finished-at="2022-03-02T16:05:44 CST" duration-ms="14376" status="PASS">
          <reporter-output>
          </reporter-output>
        </test-method> <!-- beforeTest -->
        <test-method signature="create()[pri:0, instance:com.rs.test.countryCodes.CountryCodes@3cebbb30]" started-at="2022-03-02T16:05:44 CST" name="create" finished-at="2022-03-02T16:06:02 CST" duration-ms="17994" status="PASS">
          <reporter-output>
          </reporter-output>
        </test-method> <!-- create -->
        <test-method signature="edit()[pri:0, instance:com.rs.test.countryCodes.CountryCodes@3cebbb30]" started-at="2022-03-02T16:06:02 CST" name="edit" finished-at="2022-03-02T16:06:20 CST" depends-on-methods="com.rs.test.countryCodes.CountryCodes.create" duration-ms="17641" status="PASS">
          <reporter-output>
          </reporter-output>
        </test-method> <!-- edit -->
        <test-method signature="createModalPrefix()[pri:1, instance:com.rs.test.countryCodes.CountryCodes@3cebbb30]" started-at="2022-03-02T16:06:20 CST" name="createModalPrefix" finished-at="2022-03-02T16:06:39 CST" depends-on-methods="com.rs.test.countryCodes.CountryCodes.create" duration-ms="19640" status="PASS">
          <reporter-output>
          </reporter-output>
        </test-method> <!-- createModalPrefix -->
        <test-method signature="editModalPrefix()[pri:2, instance:com.rs.test.countryCodes.CountryCodes@3cebbb30]" started-at="2022-03-02T16:06:39 CST" name="editModalPrefix" finished-at="2022-03-02T16:07:02 CST" depends-on-methods="com.rs.test.countryCodes.CountryCodes.createModalPrefix" duration-ms="22989" status="FAIL">
          <exception class="java.lang.AssertionError">
            <message>
              <![CDATA[The record wasn't edited sucessfully expected [true] but found [false]]]>
            </message>
            <full-stacktrace>
              <![CDATA[java.lang.AssertionError: The record wasn't edited sucessfully expected [true] but found [false]
at org.testng.Assert.fail(Assert.java:99)
at org.testng.Assert.failNotEquals(Assert.java:1037)
at org.testng.Assert.assertTrue(Assert.java:45)
at com.rs.test.pageObjectModel.countryCodes.CountryCodesPO.editPrefix(CountryCodesPO.java:431)
at com.rs.test.countryCodes.CountryCodes.editModalPrefix(CountryCodes.java:57)
at java.base/jdk.internal.reflect.NativeMethodAccessorImpl.invoke0(Native Method)
at java.base/jdk.internal.reflect.NativeMethodAccessorImpl.invoke(NativeMethodAccessorImpl.java:64)
at java.base/jdk.internal.reflect.DelegatingMethodAccessorImpl.invoke(DelegatingMethodAccessorImpl.java:43)
at java.base/java.lang.reflect.Method.invoke(Method.java:564)
at org.testng.internal.MethodInvocationHelper.invokeMethod(MethodInvocationHelper.java:133)
at org.testng.internal.TestInvoker.invokeMethod(TestInvoker.java:598)
at org.testng.internal.TestInvoker.invokeTestMethod(TestInvoker.java:173)
at org.testng.internal.MethodRunner.runInSequence(MethodRunner.java:46)
at org.testng.internal.TestInvoker$MethodInvocationAgent.invoke(TestInvoker.java:824)
at org.testng.internal.TestInvoker.invokeTestMethods(TestInvoker.java:146)
at org.testng.internal.TestMethodWorker.invokeTestMethods(TestMethodWorker.java:146)
at org.testng.internal.TestMethodWorker.run(TestMethodWorker.java:128)
at java.base/java.util.ArrayList.forEach(ArrayList.java:1511)
at org.testng.TestRunner.privateRun(TestRunner.java:794)
at org.testng.TestRunner.run(TestRunner.java:596)
at org.testng.SuiteRunner.runTest(SuiteRunner.java:377)
at org.testng.SuiteRunner.runSequentially(SuiteRunner.java:371)
at org.testng.SuiteRunner.privateRun(SuiteRunner.java:332)
at org.testng.SuiteRunner.run(SuiteRunner.java:276)
at org.testng.SuiteRunnerWorker.runSuite(SuiteRunnerWorker.java:53)
at org.testng.SuiteRunnerWorker.run(SuiteRunnerWorker.java:96)
at org.testng.TestNG.runSuitesSequentially(TestNG.java:1212)
at org.testng.TestNG.runSuitesLocally(TestNG.java:1134)
at org.testng.TestNG.runSuites(TestNG.java:1063)
at org.testng.TestNG.run(TestNG.java:1031)
at org.testng.remote.AbstractRemoteTestNG.run(AbstractRemoteTestNG.java:115)
at org.testng.remote.RemoteTestNG.initAndRun(RemoteTestNG.java:251)
at org.testng.remote.RemoteTestNG.main(RemoteTestNG.java:77)
]]>
            </full-stacktrace>
          </exception> <!-- java.lang.AssertionError -->
          <reporter-output>
          </reporter-output>
        </test-method> <!-- editModalPrefix -->
        <test-method signature="deleteModalPrefix()[pri:3, instance:com.rs.test.countryCodes.CountryCodes@3cebbb30]" started-at="2022-03-02T16:07:02 CST" name="deleteModalPrefix" finished-at="2022-03-02T16:07:22 CST" depends-on-methods="com.rs.test.countryCodes.CountryCodes.createModalPrefix" duration-ms="19450" status="PASS">
          <reporter-output>
          </reporter-output>
        </test-method> <!-- deleteModalPrefix -->
        <test-method signature="delete()[pri:4, instance:com.rs.test.countryCodes.CountryCodes@3cebbb30]" started-at="2022-03-02T16:07:22 CST" name="delete" finished-at="2022-03-02T16:07:35 CST" depends-on-methods="com.rs.test.countryCodes.CountryCodes.create" duration-ms="13129" status="PASS">
          <reporter-output>
          </reporter-output>
        </test-method> <!-- delete -->
        <test-method is-config="true" signature="afterTest()[pri:0, instance:com.rs.test.countryCodes.CountryCodes@3cebbb30]" started-at="2022-03-02T16:07:35 CST" name="afterTest" finished-at="2022-03-02T16:07:35 CST" duration-ms="340" status="PASS">
          <reporter-output>
          </reporter-output>
        </test-method> <!-- afterTest -->
      </class> <!-- com.rs.test.countryCodes.CountryCodes -->
    </test> <!-- Default test -->
  </suite> <!-- Default suite -->
</testng-results>
