<?xml version="1.0" encoding="UTF-8"?>
<testng-results ignored="0" total="1" passed="1" failed="0" skipped="0">
  <reporter-output>
  </reporter-output>
  <suite started-at="2022-05-18T18:44:25 CST" name="Default suite" finished-at="2022-05-18T18:45:02 CST" duration-ms="37209">
    <groups>
    </groups>
    <test started-at="2022-05-18T18:44:25 CST" name="Default test" finished-at="2022-05-18T18:45:02 CST" duration-ms="37209">
      <class name="com.rs.test.clusterConfiguration.routeRules.RouteRules">
        <test-method is-config="true" signature="beforeTest()[pri:0, instance:com.rs.test.clusterConfiguration.routeRules.RouteRules@437da279]" started-at="2022-05-18T18:44:25 CST" name="beforeTest" finished-at="2022-05-18T18:44:35 CST" duration-ms="10146" status="PASS">
          <reporter-output>
          </reporter-output>
        </test-method> <!-- beforeTest -->
        <test-method signature="SMSxClusterRouteRules()[pri:0, instance:com.rs.test.clusterConfiguration.routeRules.RouteRules@437da279]" started-at="2022-05-18T18:44:35 CST" name="SMSxClusterRouteRules" finished-at="2022-05-18T18:45:02 CST" duration-ms="26704" status="PASS">
          <reporter-output>
          </reporter-output>
        </test-method> <!-- SMSxClusterRouteRules -->
        <test-method is-config="true" signature="afterTest()[pri:0, instance:com.rs.test.clusterConfiguration.routeRules.RouteRules@437da279]" started-at="2022-05-18T18:45:02 CST" name="afterTest" finished-at="2022-05-18T18:45:02 CST" duration-ms="327" status="PASS">
          <reporter-output>
          </reporter-output>
        </test-method> <!-- afterTest -->
      </class> <!-- com.rs.test.clusterConfiguration.routeRules.RouteRules -->
    </test> <!-- Default test -->
  </suite> <!-- Default suite -->
</testng-results>
